build/app/intermediates/manifest_merge_blame_file/release/manifest-merger-blame-release-report.txt
1<?xml version="1.0" encoding="utf-8"?>
2<manifest xmlns:android="http://schemas.android.com/apk/res/android"
3    package="com.listify.listify"
4    android:versionCode="1"
5    android:versionName="1.0" >
6
7    <uses-sdk
8        android:minSdkVersion="19"
8-->src\main\AndroidManifest.xml
9        android:targetSdkVersion="30" />
9-->src\main\AndroidManifest.xml
10
11    <uses-permission android:name="android.permission.INTERNET" />
11-->src\main\AndroidManifest.xml:3:5-67
11-->src\main\AndroidManifest.xml:3:22-64
12    <uses-permission android:name="android.permission.ACCESS_NETWORK_STATE" />
12-->[:connectivity_plus] AndroidManifest.xml:7:5-79
12-->[:connectivity_plus] AndroidManifest.xml:7:22-76
13
14    <application
14-->src\main\AndroidManifest.xml:4:4-41:19
15        android:name="androidx.multidex.MultiDexApplication"
16        android:appComponentFactory="androidx.core.app.CoreComponentFactory"
16-->[androidx.core:core:1.6.0] AndroidManifest.xml:24:18-86
17        android:icon="@mipmap/ic_launcher"
17-->src\main\AndroidManifest.xml:6:9-43
18        android:label="Listify" >
18-->src\main\AndroidManifest.xml:5:9-32
19        <activity
19-->src\main\AndroidManifest.xml:7:9-35:20
20            android:name="com.listify.listify.MainActivity"
20-->src\main\AndroidManifest.xml:8:13-41
21            android:configChanges="orientation|keyboardHidden|keyboard|screenSize|smallestScreenSize|locale|layoutDirection|fontScale|screenLayout|density|uiMode"
21-->src\main\AndroidManifest.xml:11:13-163
22            android:hardwareAccelerated="true"
22-->src\main\AndroidManifest.xml:12:13-47
23            android:launchMode="singleTop"
23-->src\main\AndroidManifest.xml:9:13-43
24            android:theme="@style/LaunchTheme"
24-->src\main\AndroidManifest.xml:10:13-47
25            android:windowSoftInputMode="adjustResize" >
25-->src\main\AndroidManifest.xml:13:13-55
26
27            <!--
28                 Specifies an Android theme to apply to this Activity as soon as
29                 the Android process has started. This theme is visible to the user
30                 while the Flutter UI initializes. After that, this theme continues
31                 to determine the Window background behind the Flutter UI.
32            -->
33            <meta-data
33-->src\main\AndroidManifest.xml:18:13-21:17
34                android:name="io.flutter.embedding.android.NormalTheme"
34-->src\main\AndroidManifest.xml:19:15-70
35                android:resource="@style/NormalTheme" />
35-->src\main\AndroidManifest.xml:20:15-52
36            <!--
37                 Displays an Android View that continues showing the launch screen
38                 Drawable until Flutter paints its first frame, then this splash
39                 screen fades out. A splash screen is useful to avoid any visual
40                 gap between the end of Android's launch screen and the painting of
41                 Flutter's first frame.
42            -->
43            <meta-data
43-->src\main\AndroidManifest.xml:27:13-30:17
44                android:name="io.flutter.embedding.android.SplashScreenDrawable"
44-->src\main\AndroidManifest.xml:28:15-79
45                android:resource="@drawable/launch_background" />
45-->src\main\AndroidManifest.xml:29:15-61
46
47            <intent-filter>
47-->src\main\AndroidManifest.xml:31:13-34:29
48                <action android:name="android.intent.action.MAIN" />
48-->src\main\AndroidManifest.xml:32:17-68
48-->src\main\AndroidManifest.xml:32:25-66
49
50                <category android:name="android.intent.category.LAUNCHER" />
50-->src\main\AndroidManifest.xml:33:17-76
50-->src\main\AndroidManifest.xml:33:27-74
51            </intent-filter>
52        </activity>
53        <!--
54             Don't delete the meta-data below.
55             This is used by the Flutter tool to generate GeneratedPluginRegistrant.java
56        -->
57        <meta-data
57-->src\main\AndroidManifest.xml:38:9-40:33
58            android:name="flutterEmbedding"
58-->src\main\AndroidManifest.xml:39:13-44
59            android:value="2" />
59-->src\main\AndroidManifest.xml:40:13-30
60
61        <service
61-->[:firebase_auth] AndroidManifest.xml:8:9-12:19
62            android:name="com.google.firebase.components.ComponentDiscoveryService"
62-->[:firebase_auth] AndroidManifest.xml:8:18-89
63            android:directBootAware="true"
63-->[com.google.firebase:firebase-common:20.0.0] AndroidManifest.xml:35:13-43
64            android:exported="false" >
64-->[com.google.firebase:firebase-auth:21.0.1] AndroidManifest.xml:76:13-37
65            <meta-data
65-->[:firebase_auth] AndroidManifest.xml:9:13-11:85
66                android:name="com.google.firebase.components:io.flutter.plugins.firebase.auth.FlutterFirebaseAuthRegistrar"
66-->[:firebase_auth] AndroidManifest.xml:10:17-124
67                android:value="com.google.firebase.components.ComponentRegistrar" />
67-->[:firebase_auth] AndroidManifest.xml:11:17-82
68            <meta-data
68-->[:cloud_firestore] AndroidManifest.xml:9:13-11:85
69                android:name="com.google.firebase.components:io.flutter.plugins.firebase.firestore.FlutterFirebaseFirestoreRegistrar"
69-->[:cloud_firestore] AndroidManifest.xml:10:17-134
70                android:value="com.google.firebase.components.ComponentRegistrar" />
70-->[:cloud_firestore] AndroidManifest.xml:11:17-82
71            <meta-data
71-->[:firebase_core] AndroidManifest.xml:9:13-11:85
72                android:name="com.google.firebase.components:io.flutter.plugins.firebase.core.FlutterFirebaseCoreRegistrar"
72-->[:firebase_core] AndroidManifest.xml:10:17-124
73                android:value="com.google.firebase.components.ComponentRegistrar" />
73-->[:firebase_core] AndroidManifest.xml:11:17-82
74            <meta-data
74-->[com.google.firebase:firebase-auth:21.0.1] AndroidManifest.xml:77:13-79:85
75                android:name="com.google.firebase.components:com.google.firebase.auth.FirebaseAuthRegistrar"
75-->[com.google.firebase:firebase-auth:21.0.1] AndroidManifest.xml:78:17-109
76                android:value="com.google.firebase.components.ComponentRegistrar" />
76-->[com.google.firebase:firebase-auth:21.0.1] AndroidManifest.xml:79:17-82
77            <meta-data
77-->[com.google.firebase:firebase-firestore:23.0.3] AndroidManifest.xml:20:13-22:85
78                android:name="com.google.firebase.components:com.google.firebase.firestore.FirestoreRegistrar"
78-->[com.google.firebase:firebase-firestore:23.0.3] AndroidManifest.xml:21:17-111
79                android:value="com.google.firebase.components.ComponentRegistrar" />
79-->[com.google.firebase:firebase-firestore:23.0.3] AndroidManifest.xml:22:17-82
80        </service>
81
82        <uses-library
82-->[androidx.window:window:1.0.0-beta04] AndroidManifest.xml:25:9-27:40
83            android:name="androidx.window.extensions"
83-->[androidx.window:window:1.0.0-beta04] AndroidManifest.xml:26:13-54
84            android:required="false" />
84-->[androidx.window:window:1.0.0-beta04] AndroidManifest.xml:27:13-37
85        <uses-library
85-->[androidx.window:window:1.0.0-beta04] AndroidManifest.xml:28:9-30:40
86            android:name="androidx.window.sidecar"
86-->[androidx.window:window:1.0.0-beta04] AndroidManifest.xml:29:13-51
87            android:required="false" />
87-->[androidx.window:window:1.0.0-beta04] AndroidManifest.xml:30:13-37
88
89        <activity
89-->[com.google.firebase:firebase-auth:21.0.1] AndroidManifest.xml:27:9-44:20
90            android:name="com.google.firebase.auth.internal.GenericIdpActivity"
90-->[com.google.firebase:firebase-auth:21.0.1] AndroidManifest.xml:28:13-80
91            android:excludeFromRecents="true"
91-->[com.google.firebase:firebase-auth:21.0.1] AndroidManifest.xml:29:13-46
92            android:exported="true"
92-->[com.google.firebase:firebase-auth:21.0.1] AndroidManifest.xml:30:13-36
93            android:launchMode="singleTask"
93-->[com.google.firebase:firebase-auth:21.0.1] AndroidManifest.xml:31:13-44
94            android:theme="@android:style/Theme.Translucent.NoTitleBar" >
94-->[com.google.firebase:firebase-auth:21.0.1] AndroidManifest.xml:32:13-72
95            <intent-filter>
95-->[com.google.firebase:firebase-auth:21.0.1] AndroidManifest.xml:33:13-43:29
96                <action android:name="android.intent.action.VIEW" />
96-->[com.google.firebase:firebase-auth:21.0.1] AndroidManifest.xml:34:17-69
96-->[com.google.firebase:firebase-auth:21.0.1] AndroidManifest.xml:34:25-66
97
98                <category android:name="android.intent.category.DEFAULT" />
98-->[com.google.firebase:firebase-auth:21.0.1] AndroidManifest.xml:36:17-76
98-->[com.google.firebase:firebase-auth:21.0.1] AndroidManifest.xml:36:27-73
99                <category android:name="android.intent.category.BROWSABLE" />
99-->[com.google.firebase:firebase-auth:21.0.1] AndroidManifest.xml:37:17-78
99-->[com.google.firebase:firebase-auth:21.0.1] AndroidManifest.xml:37:27-75
100
101                <data
101-->[com.google.firebase:firebase-auth:21.0.1] AndroidManifest.xml:39:17-42:51
102                    android:host="firebase.auth"
102-->[com.google.firebase:firebase-auth:21.0.1] AndroidManifest.xml:40:21-49
103                    android:path="/"
103-->[com.google.firebase:firebase-auth:21.0.1] AndroidManifest.xml:41:21-37
104                    android:scheme="genericidp" />
104-->[com.google.firebase:firebase-auth:21.0.1] AndroidManifest.xml:42:21-48
105            </intent-filter>
106        </activity>
107        <activity
107-->[com.google.firebase:firebase-auth:21.0.1] AndroidManifest.xml:45:9-62:20
108            android:name="com.google.firebase.auth.internal.RecaptchaActivity"
108-->[com.google.firebase:firebase-auth:21.0.1] AndroidManifest.xml:46:13-79
109            android:excludeFromRecents="true"
109-->[com.google.firebase:firebase-auth:21.0.1] AndroidManifest.xml:47:13-46
110            android:exported="true"
110-->[com.google.firebase:firebase-auth:21.0.1] AndroidManifest.xml:48:13-36
111            android:launchMode="singleTask"
111-->[com.google.firebase:firebase-auth:21.0.1] AndroidManifest.xml:49:13-44
112            android:theme="@android:style/Theme.Translucent.NoTitleBar" >
112-->[com.google.firebase:firebase-auth:21.0.1] AndroidManifest.xml:50:13-72
113            <intent-filter>
113-->[com.google.firebase:firebase-auth:21.0.1] AndroidManifest.xml:51:13-61:29
114                <action android:name="android.intent.action.VIEW" />
114-->[com.google.firebase:firebase-auth:21.0.1] AndroidManifest.xml:34:17-69
114-->[com.google.firebase:firebase-auth:21.0.1] AndroidManifest.xml:34:25-66
115
116                <category android:name="android.intent.category.DEFAULT" />
116-->[com.google.firebase:firebase-auth:21.0.1] AndroidManifest.xml:36:17-76
116-->[com.google.firebase:firebase-auth:21.0.1] AndroidManifest.xml:36:27-73
117                <category android:name="android.intent.category.BROWSABLE" />
117-->[com.google.firebase:firebase-auth:21.0.1] AndroidManifest.xml:37:17-78
117-->[com.google.firebase:firebase-auth:21.0.1] AndroidManifest.xml:37:27-75
118
119                <data
119-->[com.google.firebase:firebase-auth:21.0.1] AndroidManifest.xml:39:17-42:51
120                    android:host="firebase.auth"
120-->[com.google.firebase:firebase-auth:21.0.1] AndroidManifest.xml:40:21-49
121                    android:path="/"
121-->[com.google.firebase:firebase-auth:21.0.1] AndroidManifest.xml:41:21-37
122                    android:scheme="recaptcha" />
122-->[com.google.firebase:firebase-auth:21.0.1] AndroidManifest.xml:42:21-48
123            </intent-filter>
124        </activity>
125
126        <service
126-->[com.google.firebase:firebase-auth:21.0.1] AndroidManifest.xml:64:9-73:19
127            android:name="com.google.firebase.auth.api.fallback.service.FirebaseAuthFallbackService"
127-->[com.google.firebase:firebase-auth:21.0.1] AndroidManifest.xml:65:13-101
128            android:enabled="true"
128-->[com.google.firebase:firebase-auth:21.0.1] AndroidManifest.xml:66:13-35
129            android:exported="false" >
129-->[com.google.firebase:firebase-auth:21.0.1] AndroidManifest.xml:67:13-37
130            <intent-filter>
130-->[com.google.firebase:firebase-auth:21.0.1] AndroidManifest.xml:68:13-72:29
131                <action android:name="com.google.firebase.auth.api.gms.service.START" />
131-->[com.google.firebase:firebase-auth:21.0.1] AndroidManifest.xml:69:17-89
131-->[com.google.firebase:firebase-auth:21.0.1] AndroidManifest.xml:69:25-86
132
133                <category android:name="android.intent.category.DEFAULT" />
133-->[com.google.firebase:firebase-auth:21.0.1] AndroidManifest.xml:36:17-76
133-->[com.google.firebase:firebase-auth:21.0.1] AndroidManifest.xml:36:27-73
134            </intent-filter>
135        </service>
136
137        <provider
137-->[com.google.firebase:firebase-common:20.0.0] AndroidManifest.xml:26:9-31:39
138            android:name="com.google.firebase.provider.FirebaseInitProvider"
138-->[com.google.firebase:firebase-common:20.0.0] AndroidManifest.xml:27:13-77
139            android:authorities="com.listify.listify.firebaseinitprovider"
139-->[com.google.firebase:firebase-common:20.0.0] AndroidManifest.xml:28:13-72
140            android:directBootAware="true"
140-->[com.google.firebase:firebase-common:20.0.0] AndroidManifest.xml:29:13-43
141            android:exported="false"
141-->[com.google.firebase:firebase-common:20.0.0] AndroidManifest.xml:30:13-37
142            android:initOrder="100" />
142-->[com.google.firebase:firebase-common:20.0.0] AndroidManifest.xml:31:13-36
143
144        <activity
144-->[com.google.android.gms:play-services-auth:20.0.1] AndroidManifest.xml:23:9-27:75
145            android:name="com.google.android.gms.auth.api.signin.internal.SignInHubActivity"
145-->[com.google.android.gms:play-services-auth:20.0.1] AndroidManifest.xml:24:13-93
146            android:excludeFromRecents="true"
146-->[com.google.android.gms:play-services-auth:20.0.1] AndroidManifest.xml:25:13-46
147            android:exported="false"
147-->[com.google.android.gms:play-services-auth:20.0.1] AndroidManifest.xml:26:13-37
148            android:theme="@android:style/Theme.Translucent.NoTitleBar" />
148-->[com.google.android.gms:play-services-auth:20.0.1] AndroidManifest.xml:27:13-72
149        <!--
150            Service handling Google Sign-In user revocation. For apps that do not integrate with
151            Google Sign-In, this service will never be started.
152        -->
153        <service
153-->[com.google.android.gms:play-services-auth:20.0.1] AndroidManifest.xml:33:9-37:51
154            android:name="com.google.android.gms.auth.api.signin.RevocationBoundService"
154-->[com.google.android.gms:play-services-auth:20.0.1] AndroidManifest.xml:34:13-89
155            android:exported="true"
155-->[com.google.android.gms:play-services-auth:20.0.1] AndroidManifest.xml:35:13-36
156            android:permission="com.google.android.gms.auth.api.signin.permission.REVOCATION_NOTIFICATION"
156-->[com.google.android.gms:play-services-auth:20.0.1] AndroidManifest.xml:36:13-107
157            android:visibleToInstantApps="true" />
157-->[com.google.android.gms:play-services-auth:20.0.1] AndroidManifest.xml:37:13-48
158
159        <activity
159-->[com.google.android.gms:play-services-base:18.0.1] AndroidManifest.xml:20:9-22:45
160            android:name="com.google.android.gms.common.api.GoogleApiActivity"
160-->[com.google.android.gms:play-services-base:18.0.1] AndroidManifest.xml:20:19-85
161            android:exported="false"
161-->[com.google.android.gms:play-services-base:18.0.1] AndroidManifest.xml:22:19-43
162            android:theme="@android:style/Theme.Translucent.NoTitleBar" />
162-->[com.google.android.gms:play-services-base:18.0.1] AndroidManifest.xml:21:19-78
163
164        <meta-data
164-->[com.google.android.gms:play-services-basement:18.0.0] AndroidManifest.xml:21:9-23:69
165            android:name="com.google.android.gms.version"
165-->[com.google.android.gms:play-services-basement:18.0.0] AndroidManifest.xml:22:13-58
166            android:value="@integer/google_play_services_version" />
166-->[com.google.android.gms:play-services-basement:18.0.0] AndroidManifest.xml:23:13-66
167    </application>
168
169</manifest>